<?xml version="1.0" encoding="UTF-8"?>
<!-- Generated by org.testng.reporters.JUnitReportReporter -->
<testsuite hostname="Atul-PC" failures="0" tests="5" name="discussion.Alphabatically" time="0.051" errors="0" timestamp="2023-06-13T12:20:22 IST" skipped="0">
  <testcase classname="discussion.Alphabatically" name="logout" time="0.006"/>
  <testcase classname="discussion.Alphabatically" name="webpage" time="0.009"/>
  <testcase classname="discussion.Alphabatically" name="login" time="0.013"/>
  <testcase classname="discussion.Alphabatically" name="profile" time="0.005"/>
  <testcase classname="discussion.Alphabatically" name="homepage" time="0.018"/>
</testsuite> <!-- discussion.Alphabatically -->
