<?xml version="1.0" encoding="UTF-8"?>
<!-- Generated by org.testng.reporters.JUnitReportReporter -->
<testsuite hostname="Atul-PC" failures="0" tests="1" name="discussion.Basics" time="0.019" errors="0" timestamp="2023-06-13T11:56:06 IST" skipped="0">
  <testcase classname="discussion.Basics" name="method1" time="0.019"/>
</testsuite> <!-- discussion.Basics -->
