<?xml version="1.0" encoding="UTF-8"?>
<!-- Generated by org.testng.reporters.JUnitReportReporter -->
<testsuite hostname="Atul-PC" failures="0" tests="4" name="testngKeywords.Depends" time="0.031" errors="0" timestamp="2023-06-13T13:37:26 IST" skipped="0">
  <testcase classname="testngKeywords.Depends" name="login" time="0.016"/>
  <testcase classname="testngKeywords.Depends" name="homepage" time="0.004"/>
  <testcase classname="testngKeywords.Depends" name="profile" time="0.003"/>
  <testcase classname="testngKeywords.Depends" name="logout" time="0.008"/>
</testsuite> <!-- testngKeywords.Depends -->
