<?xml version="1.0" encoding="UTF-8"?>
<!-- Generated by org.testng.reporters.JUnitReportReporter -->
<testsuite hostname="Atul-PC" failures="0" tests="3" name="testngKeywords.InvocationCount" time="0.022" errors="0" timestamp="2023-06-13T12:49:53 IST" skipped="0">
  <testcase classname="testngKeywords.InvocationCount" name="count" time="0.003"/>
  <testcase classname="testngKeywords.InvocationCount" name="count" time="0.004"/>
  <testcase classname="testngKeywords.InvocationCount" name="count" time="0.015"/>
</testsuite> <!-- testngKeywords.InvocationCount -->
