<?xml version="1.0" encoding="UTF-8"?>
<!-- Generated by org.testng.reporters.JUnitReportReporter -->
<testsuite hostname="Atul-PC" failures="0" tests="2" name="testngKeywords.Enable" time="0.014" errors="0" timestamp="2023-06-13T13:06:44 IST" skipped="1">
  <testcase classname="testngKeywords.Enable" name="confirmed" time="0.014"/>
  <testcase classname="testngKeywords.Enable" name="unconfirmed">
    <skipped/>
  </testcase> <!-- unconfirmed -->
</testsuite> <!-- testngKeywords.Enable -->
